[    0.000000] Linux version 4.15.0-212-generic (buildd@lcy02-amd64-083) (gcc version 7.5.0 (Ubuntu 7.5.0-3ubuntu1~18.04)) #223-Ubuntu SMP Tue May 23 13:09:22 UTC 2023 (Ubuntu 4.15.0-212.223-generic 4.15.18)
[    0.000000] Command line: BOOT_IMAGE=/boot/vmlinuz-4.15.0-212-generic root=LABEL=cloudimg-rootfs ro console=tty1 console=ttyS0
[    0.000000] KERNEL supported cpus:
[    0.000000]   Intel GenuineIntel
[    0.000000]   AMD AuthenticAMD
[    0.000000]   Centaur CentaurHauls
[    0.000000] x86/fpu: x87 FPU will use FXSAVE
[    0.000000] e820: BIOS-provided physical RAM map:
[    0.000000] BIOS-e820: [mem 0x0000000000000000-0x000000000009fbff] usable
[    0.000000] BIOS-e820: [mem 0x000000000009fc00-0x000000000009ffff] reserved
[    0.000000] BIOS-e820: [mem 0x00000000000f0000-0x00000000000fffff] reserved
[    0.000000] BIOS-e820: [mem 0x0000000000100000-0x000000003ffeffff] usable
[    0.000000] BIOS-e820: [mem 0x000000003fff0000-0x000000003fffffff] ACPI data
[    0.000000] BIOS-e820: [mem 0x00000000fec00000-0x00000000fec00fff] reserved
[    0.000000] BIOS-e820: [mem 0x00000000fee00000-0x00000000fee00fff] reserved
[    0.000000] BIOS-e820: [mem 0x00000000fffc0000-0x00000000ffffffff] reserved
[    0.000000] NX (Execute Disable) protection: active
[    0.000000] SMBIOS 2.5 present.
[    0.000000] DMI: innotek GmbH VirtualBox/VirtualBox, BIOS VirtualBox 12/01/2006
[    0.000000] Hypervisor detected: KVM
[    0.000000] e820: last_pfn = 0x3fff0 max_arch_pfn = 0x400000000
[    0.000000] MTRR: Disabled
[    0.000000] x86/PAT: MTRRs disabled, skipping PAT initialization too.
[    0.000000] CPU MTRRs all blank - virtualized system.
[    0.000000] x86/PAT: Configuration [0-7]: WB  WT  UC- UC  WB  WT  UC- UC  
[    0.000000] found SMP MP-table at [mem 0x0009fff0-0x0009ffff]
[    0.000000] Scanning 1 areas for low memory corruption
[    0.000000] RAMDISK: [mem 0x359cb000-0x36cdcfff]
[    0.000000] ACPI: Early table checksum verification disabled
[    0.000000] ACPI: RSDP 0x00000000000E0000 000024 (v02 VBOX  )
[    0.000000] ACPI: XSDT 0x000000003FFF0030 00003C (v01 VBOX   VBOXXSDT 00000001 ASL  00000061)
[    0.000000] ACPI: FACP 0x000000003FFF00F0 0000F4 (v04 VBOX   VBOXFACP 00000001 ASL  00000061)
[    0.000000] ACPI: DSDT 0x000000003FFF0610 002353 (v02 VBOX   VBOXBIOS 00000002 INTL 20100528)
[    0.000000] ACPI: FACS 0x000000003FFF0200 000040
[    0.000000] ACPI: FACS 0x000000003FFF0200 000040
[    0.000000] ACPI: APIC 0x000000003FFF0240 00005C (v02 VBOX   VBOXAPIC 00000001 ASL  00000061)
[    0.000000] ACPI: SSDT 0x000000003FFF02A0 00036C (v01 VBOX   VBOXCPUT 00000002 INTL 20100528)
[    0.000000] ACPI: Reserving FACP table memory at [mem 0x3fff00f0-0x3fff01e3]
[    0.000000] ACPI: Reserving DSDT table memory at [mem 0x3fff0610-0x3fff2962]
[    0.000000] ACPI: Reserving FACS table memory at [mem 0x3fff0200-0x3fff023f]
[    0.000000] ACPI: Reserving FACS table memory at [mem 0x3fff0200-0x3fff023f]
[    0.000000] ACPI: Reserving APIC table memory at [mem 0x3fff0240-0x3fff029b]
[    0.000000] ACPI: Reserving SSDT table memory at [mem 0x3fff02a0-0x3fff060b]
[    0.000000] No NUMA configuration found
[    0.000000] Faking a node at [mem 0x0000000000000000-0x000000003ffeffff]
[    0.000000] NODE_DATA(0) allocated [mem 0x3ffc5000-0x3ffeffff]
[    0.000000] kvm-clock: cpu 0, msr 0:3ff44001, primary cpu clock
[    0.000000] kvm-clock: Using msrs 4b564d01 and 4b564d00
[    0.000000] kvm-clock: using sched offset of 5999779101 cycles
[    0.000000] clocksource: kvm-clock: mask: 0xffffffffffffffff max_cycles: 0x1cd42e4dffb, max_idle_ns: 881590591483 ns
[    0.000000] Zone ranges:
[    0.000000]   DMA      [mem 0x0000000000001000-0x0000000000ffffff]
[    0.000000]   DMA32    [mem 0x0000000001000000-0x000000003ffeffff]
[    0.000000]   Normal   empty
[    0.000000]   Device   empty
[    0.000000] Movable zone start for each node
[    0.000000] Early memory node ranges
[    0.000000]   node   0: [mem 0x0000000000001000-0x000000000009efff]
[    0.000000]   node   0: [mem 0x0000000000100000-0x000000003ffeffff]
[    0.000000] Reserved but unavailable: 104 pages
[    0.000000] Initmem setup node 0 [mem 0x0000000000001000-0x000000003ffeffff]
[    0.000000] ACPI: PM-Timer IO Port: 0x4008
[    0.000000] IOAPIC[0]: apic_id 2, version 32, address 0xfec00000, GSI 0-23
[    0.000000] ACPI: INT_SRC_OVR (bus 0 bus_irq 0 global_irq 2 dfl dfl)
[    0.000000] ACPI: INT_SRC_OVR (bus 0 bus_irq 9 global_irq 9 low level)
[    0.000000] Using ACPI (MADT) for SMP configuration information
[    0.000000] smpboot: Allowing 2 CPUs, 0 hotplug CPUs
[    0.000000] PM: Registered nosave memory: [mem 0x00000000-0x00000fff]
[    0.000000] PM: Registered nosave memory: [mem 0x0009f000-0x0009ffff]
[    0.000000] PM: Registered nosave memory: [mem 0x000a0000-0x000effff]
[    0.000000] PM: Registered nosave memory: [mem 0x000f0000-0x000fffff]
[    0.000000] e820: [mem 0x40000000-0xfebfffff] available for PCI devices
[    0.000000] Booting paravirtualized kernel on KVM
[    0.000000] clocksource: refined-jiffies: mask: 0xffffffff max_cycles: 0xffffffff, max_idle_ns: 7645519600211568 ns
[    0.000000] setup_percpu: NR_CPUS:8192 nr_cpumask_bits:2 nr_cpu_ids:2 nr_node_ids:1
[    0.000000] percpu: Embedded 50 pages/cpu s167936 r8192 d28672 u1048576
[    0.000000] PV qspinlock hash table entries: 256 (order: 0, 4096 bytes)
[    0.000000] Built 1 zonelists, mobility grouping on.  Total pages: 257913
[    0.000000] Policy zone: DMA32
[    0.000000] Kernel command line: BOOT_IMAGE=/boot/vmlinuz-4.15.0-212-generic root=LABEL=cloudimg-rootfs ro console=tty1 console=ttyS0
[    0.000000] Memory: 982644K/1048120K available (12300K kernel code, 2477K rwdata, 4324K rodata, 2480K init, 2720K bss, 65476K reserved, 0K cma-reserved)
[    0.000000] SLUB: HWalign=64, Order=0-3, MinObjects=0, CPUs=2, Nodes=1
[    0.000000] Kernel/User page tables isolation: enabled
[    0.000000] ftrace: allocating 39508 entries in 155 pages
[    0.004000] Hierarchical RCU implementation.
[    0.004000] 	RCU restricting CPUs from NR_CPUS=8192 to nr_cpu_ids=2.
[    0.004000] 	Tasks RCU enabled.
[    0.004000] RCU: Adjusting geometry for rcu_fanout_leaf=16, nr_cpu_ids=2
[    0.004000] NR_IRQS: 524544, nr_irqs: 440, preallocated irqs: 16
[    0.004000] random: crng init done
[    0.004000] Console: colour VGA+ 80x25
[    0.004000] console [tty1] enabled
[    0.004000] console [ttyS0] enabled
[    0.004000] ACPI: Core revision 20170831
[    0.004000] ACPI: 2 ACPI AML tables successfully acquired and loaded
[    0.004000] APIC: Switch to symmetric I/O mode setup
[    0.004000] ..TIMER: vector=0x30 apic1=0 pin1=2 apic2=-1 pin2=-1
[    0.004018] tsc: Detected 1696.073 MHz processor
[    0.012032] Calibrating delay loop (skipped) preset value.. 3392.14 BogoMIPS (lpj=6784292)
[    0.016066] pid_max: default: 32768 minimum: 301
[    0.020196] Security Framework initialized
[    0.024011] Yama: becoming mindful.
[    0.028266] AppArmor: AppArmor initialized
[    0.047175] Dentry cache hash table entries: 131072 (order: 8, 1048576 bytes)
[    0.056795] Inode-cache hash table entries: 65536 (order: 7, 524288 bytes)
[    0.064013] Mount-cache hash table entries: 2048 (order: 2, 16384 bytes)
[    0.068240] Mountpoint-cache hash table entries: 2048 (order: 2, 16384 bytes)
[    0.081983] Last level iTLB entries: 4KB 1024, 2MB 1024, 4MB 1024
[    0.084010] Last level dTLB entries: 4KB 1024, 2MB 1024, 4MB 1024, 1GB 4
[    0.088013] Spectre V1 : Mitigation: usercopy/swapgs barriers and __user pointer sanitization
[    0.096010] Spectre V2 : Mitigation: Retpolines
[    0.100008] Spectre V2 : Spectre v2 / SpectreRSB mitigation: Filling RSB on context switch
[    0.104008] Spectre V2 : Spectre v2 / SpectreRSB : Filling RSB on VMEXIT
[    0.108008] Speculative Store Bypass: Vulnerable
[    0.112123] MDS: Mitigation: Clear CPU buffers
[    0.116008] MMIO Stale Data: Unknown: No mitigations
[    0.120013] SRBDS: Unknown: Dependent on hypervisor status
[    0.124342] Freeing SMP alternatives memory: 36K
[    0.245394] smpboot: CPU0: Intel(R) Core(TM) i3-4005U CPU @ 1.70GHz (family: 0x6, model: 0x45, stepping: 0x1)
[    0.249022] Performance Events: unsupported p6 CPU model 69 no PMU driver, software events only.
[    0.252630] Hierarchical SRCU implementation.
[    0.269217] NMI watchdog: Perf event create on CPU 0 failed with -2
[    0.272013] NMI watchdog: Perf NMI watchdog permanently disabled
[    0.280800] smp: Bringing up secondary CPUs ...
[    0.286797] x86: Booting SMP configuration:
[    0.288016] .... node  #0, CPUs:      #1
[    0.004000] kvm-clock: cpu 1, msr 0:3ff44041, secondary cpu clock
[    0.324000] TSC synchronization [CPU#0 -> CPU#1]:
[    0.324000] Measured 498022 cycles TSC warp between CPUs, turning off TSC clock.
[    0.324000] tsc: Marking TSC unstable due to check_tsc_sync_source failed
[    0.328572] smp: Brought up 1 node, 2 CPUs
[    0.332016] smpboot: Max logical packages: 1
[    0.336015] smpboot: Total of 2 processors activated (6784.29 BogoMIPS)
[    0.348214] devtmpfs: initialized
[    0.356084] x86/mm: Memory block size: 128MB
[    0.364329] evm: security.selinux
[    0.368008] evm: security.SMACK64
[    0.372011] evm: security.SMACK64EXEC
[    0.376009] evm: security.SMACK64TRANSMUTE
[    0.380007] evm: security.SMACK64MMAP
[    0.384009] evm: security.apparmor
[    0.388006] evm: security.ima
[    0.392008] evm: security.capability
[    0.401101] clocksource: jiffies: mask: 0xffffffff max_cycles: 0xffffffff, max_idle_ns: 7645041785100000 ns
[    0.404042] futex hash table entries: 512 (order: 3, 32768 bytes)
[    0.408456] pinctrl core: initialized pinctrl subsystem
[    0.413240] RTC time: 21:08:41, date: 08/09/24
[    0.420304] NET: Registered protocol family 16
[    0.424348] audit: initializing netlink subsys (disabled)
[    0.432012] audit: type=2000 audit(1723237727.279:1): state=initialized audit_enabled=0 res=1
[    0.460020] cpuidle: using governor ladder
[    0.464029] cpuidle: using governor menu
[    0.468179] ACPI: bus type PCI registered
[    0.472014] acpiphp: ACPI Hot Plug PCI Controller Driver version: 0.5
[    0.477377] PCI: Using configuration type 1 for base access
[    0.496817] HugeTLB registered 2.00 MiB page size, pre-allocated 0 pages
[    0.509125] ACPI: Added _OSI(Module Device)
[    0.512013] ACPI: Added _OSI(Processor Device)
[    0.516016] ACPI: Added _OSI(3.0 _SCP Extensions)
[    0.520011] ACPI: Added _OSI(Processor Aggregator Device)
[    0.524017] ACPI: Added _OSI(Linux-Dell-Video)
[    0.528014] ACPI: Added _OSI(Linux-Lenovo-NV-HDMI-Audio)
[    0.532019] ACPI: Added _OSI(Linux-HPI-Hybrid-Graphics)
[    0.538751] ACPI: Executed 1 blocks of module-level executable AML code
[    0.562148] ACPI: Interpreter enabled
[    0.564050] ACPI: (supports S0 S5)
[    0.568011] ACPI: Using IOAPIC for interrupt routing
[    0.576292] PCI: Using host bridge windows from ACPI; if necessary, use "pci=nocrs" and report a bug
[    0.580995] ACPI: Enabled 2 GPEs in block 00 to 07
[    0.628542] ACPI: PCI Root Bridge [PCI0] (domain 0000 [bus 00-ff])
[    0.632027] acpi PNP0A03:00: _OSC: OS supports [ASPM ClockPM Segments MSI]
[    0.640996] acpi PNP0A03:00: _OSC: not requesting OS control; OS requires [ExtendedConfig ASPM ClockPM MSI]
[    0.644037] acpi PNP0A03:00: fail to add MMCONFIG information, can't access extended PCI configuration space under this bridge.
[    0.653319] PCI host bridge to bus 0000:00
[    0.656012] pci_bus 0000:00: root bus resource [io  0x0000-0x0cf7 window]
[    0.660015] pci_bus 0000:00: root bus resource [io  0x0d00-0xffff window]
[    0.664014] pci_bus 0000:00: root bus resource [mem 0x000a0000-0x000bffff window]
[    0.668015] pci_bus 0000:00: root bus resource [mem 0x40000000-0xfdffffff window]
[    0.672048] pci_bus 0000:00: root bus resource [bus 00-ff]
[    0.692000] pci 0000:00:01.1: legacy IDE quirk: reg 0x10: [io  0x01f0-0x01f7]
[    0.692018] pci 0000:00:01.1: legacy IDE quirk: reg 0x14: [io  0x03f6]
[    0.696013] pci 0000:00:01.1: legacy IDE quirk: reg 0x18: [io  0x0170-0x0177]
[    0.700013] pci 0000:00:01.1: legacy IDE quirk: reg 0x1c: [io  0x0376]
[    0.766381] pci 0000:00:07.0: quirk: [io  0x4000-0x403f] claimed by PIIX4 ACPI
[    0.768134] pci 0000:00:07.0: quirk: [io  0x4100-0x410f] claimed by PIIX4 SMB
[    0.856261] ACPI: PCI Interrupt Link [LNKA] (IRQs 5 9 10 *11)
[    0.864241] ACPI: PCI Interrupt Link [LNKB] (IRQs 5 9 *10 11)
[    0.868833] ACPI: PCI Interrupt Link [LNKC] (IRQs 5 *9 10 11)
[    0.872781] ACPI: PCI Interrupt Link [LNKD] (IRQs 5 9 10 *11)
[    0.879007] SCSI subsystem initialized
[    0.884423] pci 0000:00:02.0: vgaarb: setting as boot VGA device
[    0.888000] pci 0000:00:02.0: vgaarb: VGA device added: decodes=io+mem,owns=io+mem,locks=none
[    0.888018] pci 0000:00:02.0: vgaarb: bridge control possible
[    0.892009] vgaarb: loaded
[    0.900103] ACPI: bus type USB registered
[    0.904056] usbcore: registered new interface driver usbfs
[    0.908096] usbcore: registered new interface driver hub
[    0.912040] usbcore: registered new device driver usb
[    0.920445] EDAC MC: Ver: 3.0.0
[    0.928832] PCI: Using ACPI for IRQ routing
[    0.934035] NetLabel: Initializing
[    0.936007] NetLabel:  domain hash size = 128
[    0.940008] NetLabel:  protocols = UNLABELED CIPSOv4 CALIPSO
[    0.944043] NetLabel:  unlabeled traffic allowed by default
[    0.953215] clocksource: Switched to clocksource kvm-clock
[    0.968581] VFS: Disk quotas dquot_6.6.0
[    0.968581] VFS: Dquot-cache hash table entries: 512 (order 0, 4096 bytes)
[    0.968581] AppArmor: AppArmor Filesystem Enabled
[    0.968581] pnp: PnP ACPI init
[    0.968581] pnp: PnP ACPI: found 3 devices
[    1.242866] clocksource: acpi_pm: mask: 0xffffff max_cycles: 0xffffff, max_idle_ns: 2085701024 ns
[    1.273337] NET: Registered protocol family 2
[    1.287375] IP idents hash table entries: 16384 (order: 5, 131072 bytes)
[    1.308504] TCP established hash table entries: 8192 (order: 4, 65536 bytes)
[    1.362961] TCP bind hash table entries: 8192 (order: 5, 131072 bytes)
[    1.381876] TCP: Hash tables configured (established 8192 bind 8192)
[    1.384731] UDP hash table entries: 512 (order: 2, 16384 bytes)
[    1.384731] UDP-Lite hash table entries: 512 (order: 2, 16384 bytes)
[    1.384731] NET: Registered protocol family 1
[    1.384731] pci 0000:00:00.0: Limiting direct PCI/PCI transfers
[    1.384731] pci 0000:00:01.0: Activating ISA DMA hang workarounds
[    1.384731] pci 0000:00:02.0: Video device with shadowed ROM at [mem 0x000c0000-0x000dffff]
[    1.384731] Unpacking initramfs...
[    2.256035] Freeing initrd memory: 19528K
[    2.755120] clocksource: tsc: mask: 0xffffffffffffffff max_cycles: 0x1872a9796f1, max_idle_ns: 440795212049 ns
[    2.777052] platform rtc_cmos: registered platform RTC device (no PNP device found)
[    2.795294] Scanning for low memory corruption every 60 seconds
[    2.813670] Initialise system trusted keyrings
[    2.825461] Key type blacklist registered
[    2.836842] workingset: timestamp_bits=36 max_order=18 bucket_order=0
[    2.864399] zbud: loaded
[    2.882296] squashfs: version 4.0 (2009/01/31) Phillip Lougher
[    2.900841] fuse init (API version 7.26)
[    2.978422] Key type asymmetric registered
[    2.992356] Asymmetric key parser 'x509' registered
[    3.011685] Block layer SCSI generic (bsg) driver version 0.4 loaded (major 246)
[    3.051298] io scheduler noop registered
[    3.066470] io scheduler deadline registered
[    3.084322] io scheduler cfq registered (default)
[    3.102127] ACPI: AC Adapter [AC] (on-line)
[    3.116992] input: Power Button as /devices/LNXSYSTM:00/LNXPWRBN:00/input/input0
[    3.142312] ACPI: Power Button [PWRF]
[    3.152913] input: Sleep Button as /devices/LNXSYSTM:00/LNXSLPBN:00/input/input1
[    3.156137] ACPI: Sleep Button [SLPF]
[    3.184859] Serial: 8250/16550 driver, 32 ports, IRQ sharing enabled
[    3.190869] ACPI: Battery Slot [BAT0] (battery present)
[    3.247768] 00:02: ttyS0 at I/O 0x3f8 (irq = 4, base_baud = 115200) is a 16550A
[    3.304403] Linux agpgart interface v0.103
[    3.340566] loop: module loaded
[    3.358618] scsi host0: ata_piix
[    3.370373] scsi host1: ata_piix
[    3.379580] ata1: PATA max UDMA/33 cmd 0x1f0 ctl 0x3f6 bmdma 0xd000 irq 14
[    3.396926] ata2: PATA max UDMA/33 cmd 0x170 ctl 0x376 bmdma 0xd008 irq 15
[    3.412988] tun: Universal TUN/TAP device driver, 1.6
[    3.431461] PPP generic driver version 2.4.2
[    3.443326] ehci_hcd: USB 2.0 'Enhanced' Host Controller (EHCI) Driver
[    3.459037] ehci-pci: EHCI PCI platform driver
[    3.473454] ehci-platform: EHCI generic platform driver
[    3.493180] ohci_hcd: USB 1.1 'Open' Host Controller (OHCI) Driver
[    3.512759] ohci-pci: OHCI PCI platform driver
[    3.526227] ohci-platform: OHCI generic platform driver
[    3.550003] uhci_hcd: USB Universal Host Controller Interface driver
[    3.568797] i8042: PNP: PS/2 Controller [PNP0303:PS2K,PNP0f03:PS2M] at 0x60,0x64 irq 1,12
[    3.748528] serio: i8042 KBD port at 0x60,0x64 irq 1
[    3.765911] serio: i8042 AUX port at 0x60,0x64 irq 12
[    3.787295] mousedev: PS/2 mouse device common for all mice
[    3.811286] rtc_cmos rtc_cmos: rtc core: registered rtc_cmos as rtc0
[    3.841319] rtc_cmos rtc_cmos: alarms up to one day, 114 bytes nvram
[    3.857842] i2c /dev entries driver
[    3.867575] device-mapper: uevent: version 1.0.3
[    3.881593] device-mapper: ioctl: 4.37.0-ioctl (2017-09-20) initialised: dm-devel@redhat.com
[    3.881444] input: AT Translated Set 2 keyboard as /devices/platform/i8042/serio0/input/input2
[    3.921604] ledtrig-cpu: registered to indicate activity on CPUs
[    3.942353] NET: Registered protocol family 10
[    3.982038] Segment Routing with IPv6
[    3.994198] NET: Registered protocol family 17
[    4.007593] Key type dns_resolver registered
[    4.021027] mce: Using 0 MCE banks
[    4.031527] RAS: Correctable Errors collector initialized.
[    4.048311] sched_clock: Marking stable (4047884468, 0)->(7090208676, -3042324208)
[    4.129703] registered taskstats version 1
[    4.147385] Loading compiled-in X.509 certificates
[    4.191373] Loaded X.509 cert 'Build time autogenerated kernel key: b5b26778eaa3ab3a4a6cee031137706e947d12ad'
[    4.225574] Loaded X.509 cert 'Canonical Ltd. Live Patch Signing: 14df34d1a87cf37625abec039ef2bf521249b969'
[    4.263805] Loaded X.509 cert 'Canonical Ltd. Kernel Module Signing: 88f752e560a1e0737e31163a466ad7b70a850c19'
[    4.304195] blacklist: Loading compiled-in revocation X.509 certificates
[    4.330716] Loaded X.509 cert 'Canonical Ltd. Secure Boot Signing: 61482aa2830d0ab2ad5af10b7250da9033ddcef0'
[    4.378470] Loaded X.509 cert 'Canonical Ltd. Secure Boot Signing (2017): 242ade75ac4a15e50d50c84b0d45ff3eae707a03'
[    4.418044] Loaded X.509 cert 'Canonical Ltd. Secure Boot Signing (ESM 2018): 365188c1d374d6b07c3c8f240f8ef722433d6a8b'
[    4.454089] Loaded X.509 cert 'Canonical Ltd. Secure Boot Signing (2019): c0746fd6c5da3ae827864651ad66ae47fe24b3e8'
[    4.483183] Loaded X.509 cert 'Canonical Ltd. Secure Boot Signing (2021 v1): a8d54bbb3825cfb94fa13c9f8a594a195c107b8d'
[    4.509870] Loaded X.509 cert 'Canonical Ltd. Secure Boot Signing (2021 v2): 4cf046892d6fd3c9a5b03f98d845f90851dc6a8c'
[    4.540884] Loaded X.509 cert 'Canonical Ltd. Secure Boot Signing (2021 v3): 100437bb6de6e469b581e61cd66bce3ef4ed53af'
[    4.570778] Loaded X.509 cert 'Canonical Ltd. Secure Boot Signing (Ubuntu Core 2019): c1d57b8f6b743f23ee41f4f7ee292f06eecadfb9'
[    4.608241] zswap: loaded using pool lzo/zbud
[    4.660855] Key type big_key registered
[    4.689956] Key type trusted registered
[    4.725424] Key type encrypted registered
[    4.744200] AppArmor: AppArmor sha1 policy hashing enabled
[    4.766992] ima: No TPM chip found, activating TPM-bypass! (rc=-19)
[    4.790944] ima: Allocated hash algorithm: sha1
[    4.807881] evm: HMAC attrs: 0x1
[    4.821711]   Magic number: 4:980:145
[    4.834781] ata_port ata2: hash matches
[    4.882785]  ata2: hash matches
[    4.895382] rtc_cmos rtc_cmos: setting system clock to 2024-08-09 21:08:46 UTC (1723237726)
[    4.933560] BIOS EDD facility v0.16 2004-Jun-25, 0 devices found
[    4.948780] EDD information not available.
[    4.967218] Freeing unused kernel image memory: 2480K
[    4.988902] Write protecting the kernel read-only data: 20480k
[    5.004892] Freeing unused kernel image memory: 2008K
[    5.017730] Freeing unused kernel image memory: 1820K
[    5.044719] x86/mm: Checked W+X mappings: passed, no W+X pages found.
[    5.065371] x86/mm: Checking user space page tables
[    5.094912] x86/mm: Checked W+X mappings: passed, no W+X pages found.
Loading, please wait...
starting version 237
[    5.494120] e1000: Intel(R) PRO/1000 Network Driver - version 7.3.21-k8-NAPI
[    5.516195] e1000: Copyright (c) 1999-2006 Intel Corporation.
[    5.559453] Fusion MPT base driver 3.04.20
[    5.574765] Copyright (c) 1999-2008 LSI Corporation
[    5.750020] SSE version of gcm_enc/dec engaged.
[    5.766063] Fusion MPT SPI Host driver 3.04.20
[    6.063265] input: ImExPS/2 Generic Explorer Mouse as /devices/platform/i8042/serio1/input/input4
[    7.750399] e1000 0000:00:03.0 eth0: (PCI:33MHz:32-bit) 02:3b:7b:b7:3b:2d
[    7.770845] e1000 0000:00:03.0 eth0: Intel(R) PRO/1000 Network Connection
[    7.799187] mptbase: ioc0: Initiating bringup
[    7.997464] ioc0: LSI53C1030 A0: Capabilities={Initiator}
[    9.400464] scsi host2: ioc0: LSI53C1030 A0, FwRev=00000000h, Ports=1, MaxQ=256, IRQ=20
[    9.983590] scsi 2:0:0:0: Direct-Access     VBOX     HARDDISK         1.0  PQ: 0 ANSI: 5
[   10.144659] scsi target2:0:0: Beginning Domain Validation
[   10.184358] scsi target2:0:0: Domain Validation skipping write tests
[   10.205503] scsi target2:0:0: Ending Domain Validation
[   10.225534] scsi target2:0:0: asynchronous
[   10.248200] scsi 2:0:1:0: Direct-Access     VBOX     HARDDISK         1.0  PQ: 0 ANSI: 5
[   11.255336] scsi target2:0:1: Beginning Domain Validation
[   11.288678] scsi target2:0:1: Domain Validation skipping write tests
[   11.307095] scsi target2:0:1: Ending Domain Validation
[   11.331727] scsi target2:0:1: asynchronous
[   11.379293] sd 2:0:0:0: Attached scsi generic sg0 type 0
[   11.407182] sd 2:0:1:0: Attached scsi generic sg1 type 0
[   11.449535] sd 2:0:0:0: [sda] 83886080 512-byte logical blocks: (42.9 GB/40.0 GiB)
[   11.532602] sd 2:0:0:0: [sda] Write Protect is off
[   11.580894] sd 2:0:1:0: [sdb] 20480 512-byte logical blocks: (10.5 MB/10.0 MiB)
[   11.601318] sd 2:0:0:0: [sda] Incomplete mode parameter data
[   11.619897] sd 2:0:0:0: [sda] Assuming drive cache: write through
[   11.639968] sd 2:0:1:0: [sdb] Write Protect is off
[   11.643566] e1000 0000:00:08.0 eth1: (PCI:33MHz:32-bit) 08:00:27:e0:f2:1d
[   11.675885] e1000 0000:00:08.0 eth1: Intel(R) PRO/1000 Network Connection
[   11.676939] sd 2:0:1:0: [sdb] Incomplete mode parameter data
[   11.707997] sd 2:0:1:0: [sdb] Assuming drive cache: write through
[   11.732920]  sda: sda1
[   11.745838] sd 2:0:1:0: [sdb] Attached SCSI disk
[   11.760431] sd 2:0:0:0: [sda] Attached SCSI disk
[   11.779513] e1000 0000:00:03.0 enp0s3: renamed from eth0
[   11.809962] e1000 0000:00:08.0 enp0s8: renamed from eth1
Begin: Loading essential drivers ... [   17.253719] raid6: sse2x1   gen() 55991 MB/s
[   19.267862] raid6: sse2x1   xor() 69120 MB/s
[   20.257729] raid6: sse2x2   gen() 107883 MB/s
[   21.255502] raid6: sse2x2   xor() 70441 MB/s
[   22.252539] raid6: sse2x4   gen() 122283 MB/s
[   22.317285] raid6: sse2x4   xor()  4052 MB/s
[   22.328255] raid6: using algorithm sse2x4 gen() 122283 MB/s
[   22.342240] raid6: .... xor() 4052 MB/s, rmw enabled
[   22.354533] raid6: using ssse3x2 recovery algorithm
[   22.377951] xor: measuring software checksum speed
[   22.500553]    prefetch64-sse: 22810.000 MB/sec
[   23.263547]    generic_sse: 16399.000 MB/sec
[   23.278028] xor: using function: prefetch64-sse (22810.000 MB/sec)
[   23.299941] async_tx: api initialized (async)
done.
Begin: Running /scripts/init-premount ... done.
Begin: Mounting root file system ... Begin: Running /scripts/local-top ... done.
Begin: Running /scripts/local-premount ... [   23.497188] Btrfs loaded, crc32c=crc32c-intel
Scanning for Btrfs filesystems
done.
Warning: fsck not present, so skipping root file system
[   23.694524] EXT4-fs (sda1): mounted filesystem with ordered data mode. Opts: (null)
done.
Begin: Running /scripts/local-bottom ... done.
Begin: Running /scripts/init-bottom ... done.
[   24.446628] ip_tables: (C) 2000-2006 Netfilter Core Team
[   24.499699] systemd[1]: systemd 237 running in system mode. (+PAM +AUDIT +SELINUX +IMA +APPARMOR +SMACK +SYSVINIT +UTMP +LIBCRYPTSETUP +GCRYPT +GNUTLS +ACL +XZ +LZ4 +SECCOMP +BLKID +ELFUTILS +KMOD -IDN2 +IDN -PCRE2 default-hierarchy=hybrid)
[   24.545301] systemd[1]: Detected virtualization oracle.
[   24.555971] systemd[1]: Detected architecture x86-64.

Welcome to [1mUbuntu 18.04.6 LTS[0m!

[   24.658584] systemd[1]: Set hostname to <ubuntu>.
[   24.692099] systemd[1]: Initializing machine ID from random generator.
[   24.705278] systemd[1]: Installed transient /etc/machine-id file.
[   25.710279] systemd[1]: Reached target Mounting snaps.
[[0;32m  OK  [0m] Reached target Mounting snaps.
[   25.726299] systemd[1]: Reached target Mounted snaps.
[[0;32m  OK  [0m] Reached target Mounted snaps.
[   25.742829] systemd[1]: Reached target User and Group Name Lookups.
[[0;32m  OK  [0m] Reached target User and Group Name Lookups.
[   25.792859] systemd[1]: Created slice User and Session Slice.
[[0;32m  OK  [0m] Created slice User and Session Slice.
[[0;32m  OK  [0m] Reached target System Time Synchronized.
[[0;32m  OK  [0m] Started Forward Password Requests to Wall Directory Watch.
[[0;32m  OK  [0m] Set up automount Arbitrary Executab…rmats File System Automount Point.
[[0;32m  OK  [0m] Created slice System Slice.
[[0;32m  OK  [0m] Listening on Device-mapper event daemon FIFOs.
[[0;32m  OK  [0m] Listening on udev Kernel Socket.
[[0;32m  OK  [0m] Listening on LVM2 metadata daemon socket.
[[0;32m  OK  [0m] Reached target Slices.
[[0;32m  OK  [0m] Listening on udev Control Socket.
[[0;32m  OK  [0m] Listening on /dev/initctl Compatibility Named Pipe.
[[0;32m  OK  [0m] Listening on LVM2 poll daemon socket.
[[0;32m  OK  [0m] Listening on Journal Socket.
         Starting udev Coldplug all Devices...
         Mounting Kernel Debug File System...
         Mounting Huge Pages File System...
         Starting Load Kernel Modules...
         Mounting POSIX Message Queue File System...
[[0;32m  OK  [0m] Listening on Journal Socket (/dev/log).
         Starting Set the console keyboard layout...
[   25.972055] Loading iSCSI transport class v2.0-870.
         Starting Create list of required st…ce nodes for the current kernel...
[[0;32m  OK  [0m] Created slice system-serial\x2dgetty.slice.
[[0;32m  OK  [0m] Listening on Network Service Netlink Socket.
[[0;32m  OK  [0m] Listening on Syslog Socket.
         Starting Monitoring of LVM2 mirrors…ng dmeventd or progress polling...
[[0;32m  OK  [0m] Listening on fsck to fsckd communication Socket.
         Starting File System Check on Root Device...
[[0;32m  OK  [0m] Reached target Swap.
[[0;32m  OK  [0m] Listening on Journal Audit Socket.
         Starting Journal Service...
         Starting Uncomplicated firewall...
[[0;32m  OK  [0m] Mounted Kernel Debug File System.
[[0;32m  OK  [0m] Mounted Huge Pages File System.
[[0;32m  OK  [0m] Mounted POSIX Message Queue File System.
[[0;32m  OK  [0m] Started Create list of required sta…vice nodes for the current kernel.
[[0;32m  OK  [0m] Started File System Check Daemon to report status.
         Starting Create Static Device Nodes in /dev...
[   26.447259] iscsi: registered transport (tcp)
[[0;32m  OK  [0m] Started LVM2 metadata daemon.
[[0;32m  OK  [0m] Started Uncomplicated firewall.
[[0;32m  OK  [0m] Started File System Check on Root Device.
         Starting Remount Root and Kernel File Systems...
[[0;32m  OK  [0m] Started udev Coldplug all Devices.
[[0;32m  OK  [0m] Started Monitoring of LVM2 mirrors,…sing dmeventd or progress polling.
[[0;32m  OK  [0m] Started Create Static Device Nodes in /dev.[   26.821564] EXT4-fs (sda1): re-mounted. Opts: (null)

[[0;32m  OK  [0m] Started Remount Root and Kernel File Systems.
         Starting Load/Save Random Seed...
         Starting udev Kernel Device Manager...
[[0;32m  OK  [0m] Started Journal Service.
         Starting Flush Journal to Persistent Storage...
[[0;32m  OK  [0m] Started Load/Save Random Seed.
[   27.010152] iscsi: registered transport (iser)
[   27.024988] systemd-journald[411]: Received request to flush runtime journal from PID 1
[[0;32m  OK  [0m] Started Load Kernel Modules.
         Mounting FUSE Control File System...
         Starting Apply Kernel Variables...
         Mounting Kernel Configuration File System...
[[0;32m  OK  [0m] Mounted FUSE Control File System.
[[0;32m  OK  [0m] Mounted Kernel Configuration File System.
[[0;32m  OK  [0m] Started Flush Journal to Persistent Storage.
[[0;32m  OK  [0m] Started Apply Kernel Variables.
[[0;32m  OK  [0m] Started udev Kernel Device Manager.
[[0;32m  OK  [0m] Found device /dev/ttyS0.
[[0;32m  OK  [0m] Listening on Load/Save RF Kill Switch Status /dev/rfkill Watch.
[[0;32m  OK  [0m] Started Set the console keyboard layout.
[[0;32m  OK  [0m] Started Dispatch Password Requests to Console Directory Watch.
[[0;32m  OK  [0m] Reached target Local Encrypted Volumes.
[[0;32m  OK  [0m] Reached target Local File Systems (Pre).
[[0;32m  OK  [0m] Reached target Local File Systems.
         Starting ebtables ruleset management...
         Starting Create Volatile Files and Directories...
         Starting Set console font and keymap...
         Starting Tell Plymouth To Write Out Runtime Data...
         Starting Commit a transient machine-id on disk...
         Starting AppArmor initialization...
[[0;32m  OK  [0m] Started Tell Plymouth To Write Out Runtime Data.
[[0;32m  OK  [0m] Started Commit a transient machine-id on disk.
[[0;32m  OK  [0m] Started Create Volatile Files and Directories.
         Mounting Arbitrary Executable File Formats File System...
         Starting Update UTMP about System Boot/Shutdown...
[[0;32m  OK  [0m] Started Update UTMP about System Boot/Shutdown.
[[0;32m  OK  [0m] Mounted Arbitrary Executable File Formats File System.
[[0;32m  OK  [0m] Started ebtables ruleset management.
[[0;32m  OK  [0m] Started AppArmor initialization.
         Starting Initial cloud-init job (pre-networking)...
         Starting Load AppArmor profiles managed internally by snapd...
[[0;32m  OK  [0m] Started Load AppArmor profiles managed internally by snapd.
[[0;32m  OK  [0m] Started Set console font and keymap.
[   40.220203] cloud-init[762]: Cloud-init v. 23.1.2-0ubuntu0~18.04.1 running 'init-local' at Fri, 09 Aug 2024 21:09:20 +0000. Up 38.99 seconds.
[[0;32m  OK  [0m] Started Initial cloud-init job (pre-networking).
[[0;32m  OK  [0m] Reached target Network (Pre).
         Starting Network Service...
[[0;32m  OK  [0m] Started Network Service.
         Starting Wait for Network to be Configured...
         Starting Network Name Resolution...
[[0;32m  OK  [0m] Started Network Name Resolution.
[[0;32m  OK  [0m] Reached target Host and Network Name Lookups.
[[0;32m  OK  [0m] Reached target Network.
[[0;32m  OK  [0m] Started Wait for Network to be Configured.
         Starting Initial cloud-init job (metadata service crawler)...
[   43.493543] cloud-init[896]: Cloud-init v. 23.1.2-0ubuntu0~18.04.1 running 'init' at Fri, 09 Aug 2024 21:09:24 +0000. Up 43.01 seconds.
[   43.508536] cloud-init[896]: ci-info: ++++++++++++++++++++++++++++++++++++++Net device info+++++++++++++++++++++++++++++++++++++++
[   43.520972] cloud-init[896]: ci-info: +--------+-------+----------------------------+---------------+--------+-------------------+
[   43.531840] cloud-init[896]: ci-info: | Device |   Up  |          Address           |      Mask     | Scope  |     Hw-Address    |
[   43.548050] cloud-init[896]: ci-info: +--------+-------+----------------------------+---------------+--------+-------------------+
[   43.566171] cloud-init[896]: ci-info: | enp0s3 |  True |         10.0.2.15          | 255.255.255.0 | global | 02:3b:7b:b7:3b:2d |
[   43.581006] cloud-init[896]: ci-info: | enp0s3 |  True | fe80::3b:7bff:feb7:3b2d/64 |       .       |  link  | 02:3b:7b:b7:3b:2d |
[   43.593840] cloud-init[896]: ci-info: | enp0s8 | False |             .              |       .       |   .    | 08:00:27:e0:f2:1d |
[   43.606742] cloud-init[896]: ci-info: |   lo   |  True |         127.0.0.1          |   255.0.0.0   |  host  |         .         |
[   43.628638] cloud-init[896]: ci-info: |   lo   |  True |          ::1/128           |       .       |  host  |         .         |
[   43.642122] cloud-init[896]: ci-info: +--------+-------+----------------------------+---------------+--------+-------------------+
[   43.655207] cloud-init[896]: ci-info: ++++++++++++++++++++++++++++Route IPv4 info+++++++++++++++++++++++++++++
[   43.666480] cloud-init[896]: ci-info: +-------+-------------+----------+-----------------+-----------+-------+
[   43.689347] cloud-init[896]: ci-info: | Route | Destination | Gateway  |     Genmask     | Interface | Flags |
[   43.704631] cloud-init[896]: ci-info: +-------+-------------+----------+-----------------+-----------+-------+
[   43.716013] cloud-init[896]: ci-info: |   0   |   0.0.0.0   | 10.0.2.2 |     0.0.0.0     |   enp0s3  |   UG  |
[   43.730862] cloud-init[896]: ci-info: |   1   |   10.0.2.0  | 0.0.0.0  |  255.255.255.0  |   enp0s3  |   U   |
[   43.747100] cloud-init[896]: ci-info: |   2   |   10.0.2.2  | 0.0.0.0  | 255.255.255.255 |   enp0s3  |   UH  |
[   43.758579] cloud-init[896]: ci-info: +-------+-------------+----------+-----------------+-----------+-------+
[   43.770076] cloud-init[896]: ci-info: +++++++++++++++++++Route IPv6 info+++++++++++++++++++
[   43.779194] cloud-init[896]: ci-info: +-------+-------------+---------+-----------+-------+
[   43.788118] cloud-init[896]: ci-info: | Route | Destination | Gateway | Interface | Flags |
[   43.798573] cloud-init[896]: ci-info: +-------+-------------+---------+-----------+-------+
[   43.807404] cloud-init[896]: ci-info: |   1   |  fe80::/64  |    ::   |   enp0s3  |   U   |
[   43.817459] cloud-init[896]: ci-info: |   3   |    local    |    ::   |   enp0s3  |   U   |
[   43.825984] cloud-init[896]: ci-info: |   4   |   ff00::/8  |    ::   |   enp0s3  |   U   |
[   43.834784] cloud-init[896]: ci-info: +-------+-------------+---------+-----------+-------+
[   46.899731] cloud-init[896]: Generating public/private rsa key pair.
[   46.921935] cloud-init[896]: Your identification has been saved in /etc/ssh/ssh_host_rsa_key.
[   46.941874] cloud-init[896]: Your public key has been saved in /etc/ssh/ssh_host_rsa_key.pub.
[   46.965381] cloud-init[896]: The key fingerprint is:
[   46.981188] cloud-init[896]: SHA256:sVxr96klkWzydbkooitkMeaH6VnA4c9bzDBzGFmqHDg root@ubuntu-bionic
[   47.006776] cloud-init[896]: The key's randomart image is:
[   47.034914] cloud-init[896]: +---[RSA 2048]----+
[   47.054007] cloud-init[896]: |        o.       |
[   47.071767] cloud-init[896]: |    .. o.        |
[   47.094150] cloud-init[896]: |   Eo...+ .      |
[   47.114713] cloud-init[896]: |    oBo* = o .  .|
[   47.134926] cloud-init[896]: |    ooO S + * ...|
[[0;32m  OK  [0m] Started Initial cloud-init job (metadata service crawler).
[[0;32m  OK  [0m] Reached target Cloud-config availability.
[[0;32m  OK  [0m] Reached target Network is Online.
[   47.181945] cloud-init[896]: [[0;32m  OK  [0m] Reached target Remote File Systems (Pre).
[[0;32m  OK  [0m] Reached target Remote File Systems.
         Starting Availability of block devices...
[[0;32m  OK  [0m] Reached target System Initialization.
[[0;32m  OK  [0m] Started ACPI Events Check.
[[0;32m  OK  [0m] Started Ubuntu Advantage Timer for running repeated jobs.
[[0;32m  OK  [0m] Listening on D-Bus System Message Bus Socket.
         Starting LXD - unix socket.
[[0;32m  OK  [0m] Started Daily apt download activities.
[[0;32m  OK  [0m] Listening on cloud-init hotplug hook socket.
[[0;32m  OK  [0m] Started Discard unused blocks once a week.
[[0;32m  OK  [0m] Listening on ACPID Listen Socket.
[[0;32m  OK  [0m] Listening on UUID daemon activation socket.
|     * = = = +.o.|
         Starting Socket activation for snappy daemon.
[   47.329813] cloud-init[896]: [[0;32m  OK  [0m] Started Message of the Day.
[[0;32m  OK  [0m] Listening on Open-iSCSI iscsid Socket.
[[0;32m  OK  [0m] Started Daily apt upgrade and clean activities.
[[0;32m  OK  [0m] Started Daily Cleanup of Temporary Directories.
[[0;32m  OK  [0m] Reached target Timers.
[[0;32m  OK  [0m] Reached target Paths.
|    + + o. .o.+. |
[   47.388667] [[0;32m  OK  [0m] Started Availability of block devices.
[[0;32m  OK  [0m] Listening on LXD - unix socket.
[[0;32m  OK  [0m] Listening on Socket activation for snappy daemon.
[[0;32m  OK  [0m] Reached target Sockets.
[[0;32m  OK  [0m] Reached target Basic System.
         Starting Permit User Sessions...
[[0;32m  OK  [0m] Started Regular background program processing daemon.
cloud-init         Starting LSB: Record successful boot for GRUB...
[896]:          Starting Accounts Service...
|     + .. . .+   |         Starting Pollinate to seed the pseudo random number generator...
[[0;32m  OK  [0m] Started FUSE filesystem for LXC.
[[0;32m  OK  [0m] Started D-Bus System Message Bus.

[   47.507267] cloud-init[896]: |      .o.   .    |
[   47.523089] cloud-init[896]: +----[SHA256]-----+
[   47.546317] cloud-init[896]: Generating public/private dsa key pair.
[   47.579578] cloud-init[896]: Your identification has been saved in /etc/ssh/ssh_host_dsa_key.
[   47.611379] cloud-init[896]: Your public key has been saved in /etc/ssh/ssh_host_dsa_key.pub.
[   47.661319] cloud-init[896]: The key fingerprint is:
[   47.712701] cloud-init[896]: SHA256:TOonEAkIMoIjBQHsP30eOmt7re67JBOEI/Z5YN96OPg root@ubuntu-bionic
[   47.729226] cloud-init[896]: The key's randomart image is:
[   47.737417] cloud-init[896]: +---[DSA 1024]----+
[   47.743247] cloud-init[896]: |&=o              |
[   47.749689] cloud-init[896]: |Bo ...           |
[   47.763605] cloud-init[896]: |o+ =o.  .        |
[   47.775585] cloud-init[896]: |..+ *..+         |
[   47.789130] cloud-init[896]: |  .oo+..S        |
[   47.796995] cloud-init[896]: |   oo++o         |
[   47.805416] cloud-init[896]: |   ..**o+        |
[   47.813276] cloud-init[896]: |    .+*= .       |
[   47.819988] cloud-init[896]: |    .EB*+        |
[   47.841260] cloud-init[896]: +----[SHA256]-----+
[   47.847960] cloud-init[896]: Generating public/private ecdsa key pair.
[   47.860798] cloud-init[896]: Your identification has been saved in /etc/ssh/ssh_host_ecdsa_key.
[   47.875891] cloud-init[896]: Your public key has been saved in /etc/ssh/ssh_host_ecdsa_key.pub.
[   47.899086] cloud-init[896]: The key fingerprint is:
[   47.905482] cloud-init[896]: SHA256:CP4RYoncsG5tpnQsgDd164QpcRAFaAh49fbv5hfeFdQ root@ubuntu-bionic
[   47.916163] cloud-init[896]: The key's randomart image is:
[   47.930077] cloud-init[896]: +---[ECDSA 256]---+
[   47.937347] cloud-init[896]: |=.**= .         .|
[   47.991097] cloud-init[896]: |=o.O * .       .E|
[   48.058887] cloud-init[896]: |+.B O *       .  |
[   48.087560] cloud-init[896]: | + B * +       . |
[   48.114288] cloud-init[896]: |  = B + S       .|
[   48.136146] cloud-init[896]: | o * . . .  .   .|
[   48.145686] cloud-init[896]: |  .   .   .. o . |
[   48.152792] cloud-init[896]: |         .. o .  |
[   48.159235] cloud-init[896]: |         oo.     |
[   48.165887] cloud-init[896]: +----[SHA256]-----+
[   48.171936] cloud-init[896]: Generating public/private ed25519 key pair.
[   48.179691] cloud-init[896]: Your identification has been saved in /etc/ssh/ssh_host_ed25519_key.
[   48.189735] cloud-init[896]: Your public key has been saved in /etc/ssh/ssh_host_ed25519_key.pub.
[   48.198914] cloud-init[896]: The key fingerprint is:
[   48.205331] cloud-init[896]: SHA256:m4kcB44w+EeA5l8fapsMegNWFO2+SUdXxKM+XqN8R3k root@ubuntu-bionic
[   48.214848] cloud-init[896]: The key's randomart image is:
[   48.222334] cloud-init[896]: +--[ED25519 256]--+
[   48.227890] cloud-init[896]: | ...o     o.     |
[   48.234827] cloud-init[896]: |.o o .     +     |
[   48.241499] cloud-init[896]: |+ + o .   o .    |
[   48.247471] cloud-init[896]: | o = = + o       |
[   48.259756] cloud-init[896]: |  + = * S     .  |
[   48.266683] cloud-init[896]: | o + * * * o o E |
[   48.274725] cloud-init[896]: |. o = O * + o .  |
[   48.281177] cloud-init[896]: | . o *   + . .   |
         Starting System Logging Service...
[   48.329785] cloud-init[896]: |  . .     . .    |
[   48.349774] cloud-init[896]: +----[SHA256]-----+
         Starting Login Service...
[[0;32m  OK  [0m] Started Deferred execution scheduler.
         Starting Snap Daemon...
         Starting Dispatcher daemon for systemd-networkd...
[[0;32m  OK  [0m] Started irqbalance daemon.
         Starting Virtualbox guest utils...
[[0;32m  OK  [0m] Reached target Login Prompts (Pre).
         Starting LSB: automatic crash report generation...
         Starting LXD - container startup/shutdown...
[[0;32m  OK  [0m] Started Permit User Sessions.
         Starting Terminate Plymouth Boot Screen...
         Starting Hold until boot process finishes up...
[[0;32m  OK  [0m] Started System Logging Service.
[[0;32m  OK  [0m] Started Terminate Plymouth Boot Screen.
[[0;32m  OK  [0m] Started Hold until boot process finishes up.
[[0;32m  OK  [0m] Started Serial Getty on ttyS0.
         Starting Set console scheme...
         Starting Authorization Manager...
[[0;32m  OK  [0m] Started Set console scheme.
[[0;32m  OK  [0m] Created slice system-getty.slice.
[[0;32m  OK  [0m] Started Getty on tty1.
[[0;32m  OK  [0m] Reached target Login Prompts.
[[0;32m  OK  [0m] Started LSB: automatic crash report generation.
[[0;32m  OK  [0m] Started LSB: Record successful boot for GRUB.
[[0;32m  OK  [0m] Started Authorization Manager.
[[0;32m  OK  [0m] Started Accounts Service.
[[0;32m  OK  [0m] Started Login Service.
[[0;32m  OK  [0m] Started Unattended Upgrades Shutdown.
[[0;32m  OK  [0m] Started Virtualbox guest utils.
[[0;32m  OK  [0m] Started LXD - container startup/shutdown.
[[0;32m  OK  [0m] Started Dispatcher daemon for systemd-networkd.
[[0;32m  OK  [0m] Started Pollinate to seed the pseudo random number generator.
         Starting OpenBSD Secure Shell server...
[[0;32m  OK  [0m] Started OpenBSD Secure Shell server.
[[0;32m  OK  [0m] Created slice User Slice of vagrant.
[[0;32m  OK  [0m] Started Snap Daemon.
         Starting Wait until snapd is fully seeded...
[[0;32m  OK  [0m] Started Session 1 of user vagrant.
         Starting User Manager for UID 1000...

Ubuntu 18.04.6 LTS ubuntu-bionic ttyS0

ubuntu-bionic login: [   66.439787] cloud-init[1467]: Cloud-init v. 23.1.2-0ubuntu0~18.04.1 running 'modules:config' at Fri, 09 Aug 2024 21:09:45 +0000. Up 64.25 seconds.
ci-info: no authorized SSH keys fingerprints found for user ubuntu.
<14>Aug  9 21:09:51 cloud-init: #############################################################
<14>Aug  9 21:09:51 cloud-init: -----BEGIN SSH HOST KEY FINGERPRINTS-----
<14>Aug  9 21:09:51 cloud-init: 1024 SHA256:TOonEAkIMoIjBQHsP30eOmt7re67JBOEI/Z5YN96OPg root@ubuntu-bionic (DSA)
<14>Aug  9 21:09:51 cloud-init: 256 SHA256:CP4RYoncsG5tpnQsgDd164QpcRAFaAh49fbv5hfeFdQ root@ubuntu-bionic (ECDSA)
<14>Aug  9 21:09:51 cloud-init: 256 SHA256:m4kcB44w+EeA5l8fapsMegNWFO2+SUdXxKM+XqN8R3k root@ubuntu-bionic (ED25519)
<14>Aug  9 21:09:51 cloud-init: 2048 SHA256:sVxr96klkWzydbkooitkMeaH6VnA4c9bzDBzGFmqHDg root@ubuntu-bionic (RSA)
<14>Aug  9 21:09:51 cloud-init: -----END SSH HOST KEY FINGERPRINTS-----
<14>Aug  9 21:09:51 cloud-init: #############################################################
-----BEGIN SSH HOST KEY KEYS-----
ecdsa-sha2-nistp256 AAAAE2VjZHNhLXNoYTItbmlzdHAyNTYAAAAIbmlzdHAyNTYAAABBBDgTf6gPuQJOop+stNuIUNBllQ2peDSHm7ehI/etD8CF/ASO2g0ROpfWUYDD4FWaKedMI8Y4NFsoyhhrvg4S1o0= root@ubuntu-bionic
ssh-ed25519 AAAAC3NzaC1lZDI1NTE5AAAAIFSto2FnHfh2UaOWkbaNBAA71z9Yx9pYlYS81yMVvSQb root@ubuntu-bionic
ssh-rsa AAAAB3NzaC1yc2EAAAADAQABAAABAQCYsX2NHaLQ0TPvZDkOWmtNrZI38L6x42xB/+UKZcCPOLjg4JAYT9uobu+0c064dCRiPVzdudV8dghN2HbcBqInT7b/kZrQcflUPwWDHucpf3SYF2UrlzBaL5mA7DVlipiVRiJCJfp9pQar8yIuh0I45GM42n7UhIvwTZfzAaqC+arBCN9PYflkW4DAPx4/fn8qQVlHnIy/lzSsF+v3wwvczspr/IHxh8CoawbbP1Jgcv2P+vx8SU1o5ePJzws8uAgLkUdJXkdjXnORsZkmHdUmWEJQHRPfnKWCaLcyHk0zPHe4B6LhTHY1jX4czMoxtomPKUE2MSbO9Z9OA+eP3QPF root@ubuntu-bionic
-----END SSH HOST KEY KEYS-----
[   69.887546] cloud-init[1616]: Cloud-init v. 23.1.2-0ubuntu0~18.04.1 running 'modules:final' at Fri, 09 Aug 2024 21:09:50 +0000. Up 68.55 seconds.
[   69.914970] cloud-init[1616]: Cloud-init v. 23.1.2-0ubuntu0~18.04.1 finished at Fri, 09 Aug 2024 21:09:51 +0000. Datasource DataSourceNoCloud [seed=/dev/sdb][dsmode=net].  Up 69.69 seconds
